*** Starting uWSGI 2.0.18 (64bit) on [Fri May 15 14:27:25 2020] ***
compiled with version: 7.5.0 on 15 May 2020 06:20:05
os: Linux-5.3.0-51-generic #44~18.04.2-Ubuntu SMP Thu Apr 23 14:27:18 UTC 2020
nodename: kokoro-virtual-machine
machine: x86_64
clock source: unix
detected number of CPU cores: 1
current working directory: /home/kokoro/ven/day01/DJAXF
writing pidfile to uwsgi.pid
detected binary path: /home/kokoro/.virtualenvs/Dj1/bin/uwsgi
!!! no internal routing support, rebuild with pcre support !!!
chdir() to /home/kokoro/ven/day01/DJAXF
your processes number limit is 15443
your memory page size is 4096 bytes
detected max file descriptor number: 1048576
lock engine: pthread robust mutexes
thunder lock: disabled (you can enable it with --thunder-lock)
uWSGI http bound on 0.0.0.0:8800 fd 4
uwsgi socket 0 bound to TCP address 127.0.0.1:37197 (port auto-assigned) fd 3
Python version: 3.6.9 (default, Apr 18 2020, 01:56:04)  [GCC 8.4.0]
Python main interpreter initialized at 0x558cb90bdc30
python threads support enabled
your server socket listen backlog is limited to 100 connections
your mercy for graceful operations on workers is 60 seconds
mapped 250128 bytes (244 KB) for 4 cores
*** Operational MODE: preforking+threaded ***
WSGI app 0 (mountpoint='') ready in 6 seconds on interpreter 0x558cb90bdc30 pid: 6932 (default app)
*** uWSGI is running in multiple interpreter mode ***
spawned uWSGI master process (pid: 6932)
spawned uWSGI worker 1 (pid: 6934, cores: 2)
spawned uWSGI worker 2 (pid: 6935, cores: 2)
spawned uWSGI http 1 (pid: 6936)
